
*** Running vivado
    with args -log matmul64.vds -m64 -product Vivado -mode batch -messageDb vivado.pb -notrace -source matmul64.tcl


****** Vivado v2024.1 (64-bit)
  **** SW Build 5076996 on Wed May 22 18:36:09 MDT 2024
  **** IP Build 5075265 on Wed May 22 21:45:21 MDT 2024
  **** SharedData Build 5076995 on Wed May 22 18:29:18 MDT 2024
  **** Start of session at: Mon Nov 18 02:27:31 2024
    ** Copyright 1986-2022 Xilinx, Inc. All Rights Reserved.
    ** Copyright 2022-2024 Advanced Micro Devices, Inc. All Rights Reserved.

source matmul64.tcl -notrace
create_project: Time (s): cpu = 00:00:08 ; elapsed = 00:00:08 . Memory (MB): peak = 1464.363 ; gain = 56.836 ; free physical = 6510 ; free virtual = 112078
Command: read_checkpoint -auto_incremental -incremental /home/binhkieudo/Workspace/PhDThesis/_RoCC_TextSearch/project_1/project_1.srcs/utils_1/imports/synth_1/ts_pe.dcp
INFO: [Vivado 12-5825] Read reference checkpoint from /home/binhkieudo/Workspace/PhDThesis/_RoCC_TextSearch/project_1/project_1.srcs/utils_1/imports/synth_1/ts_pe.dcp for incremental synthesis
INFO: [Vivado 12-7989] Please ensure there are no constraint changes
Command: synth_design -top matmul64 -part xcvu9p-flga2104-2L-e
Starting synth_design
Attempting to get a license for feature 'Synthesis' and/or device 'xcvu9p'
INFO: [Common 17-349] Got license for feature 'Synthesis' and/or device 'xcvu9p'
INFO: [Device 21-403] Loading part xcvu9p-flga2104-2L-e
INFO: [Designutils 20-5440] No compile time benefit to using incremental synthesis; A full resynthesis will be run
INFO: [Designutils 20-4379] Flow is switching to default flow due to incremental criteria not met. If you would like to alter this behaviour and have the flow terminate instead, please set the following parameter config_implementation {autoIncr.Synth.RejectBehavior Terminate}
INFO: [Synth 8-7079] Multithreading enabled for synth_design using a maximum of 4 processes.
INFO: [Synth 8-7078] Launching helper process for spawning children vivado processes
INFO: [Synth 8-7075] Helper process launched with PID 643856
---------------------------------------------------------------------------------
Starting RTL Elaboration : Time (s): cpu = 00:00:04 ; elapsed = 00:00:04 . Memory (MB): peak = 2958.004 ; gain = 401.715 ; free physical = 4759 ; free virtual = 110327
---------------------------------------------------------------------------------
INFO: [Synth 8-6157] synthesizing module 'matmul64' [/home/binhkieudo/Workspace/PhDThesis/_RoCC_TextSearch/project_1/project_1.srcs/sources_1/new/matmul64.v:23]
INFO: [Synth 8-6157] synthesizing module 'mac' [/home/binhkieudo/Workspace/PhDThesis/_RoCC_TextSearch/project_1/project_1.srcs/sources_1/new/mac.v:3]
	Parameter SIZEIN bound to: 8 - type: integer 
	Parameter SIZEOUT bound to: 24 - type: integer 
INFO: [Synth 8-6155] done synthesizing module 'mac' (0#1) [/home/binhkieudo/Workspace/PhDThesis/_RoCC_TextSearch/project_1/project_1.srcs/sources_1/new/mac.v:3]
INFO: [Synth 8-226] default block is never used [/home/binhkieudo/Workspace/PhDThesis/_RoCC_TextSearch/project_1/project_1.srcs/sources_1/new/matmul64.v:71]
INFO: [Synth 8-6155] done synthesizing module 'matmul64' (0#1) [/home/binhkieudo/Workspace/PhDThesis/_RoCC_TextSearch/project_1/project_1.srcs/sources_1/new/matmul64.v:23]
---------------------------------------------------------------------------------
Finished RTL Elaboration : Time (s): cpu = 00:00:05 ; elapsed = 00:00:05 . Memory (MB): peak = 3040.973 ; gain = 484.684 ; free physical = 4672 ; free virtual = 110242
---------------------------------------------------------------------------------
---------------------------------------------------------------------------------
Start Handling Custom Attributes
---------------------------------------------------------------------------------
---------------------------------------------------------------------------------
Finished Handling Custom Attributes : Time (s): cpu = 00:00:05 ; elapsed = 00:00:05 . Memory (MB): peak = 3052.848 ; gain = 496.559 ; free physical = 4670 ; free virtual = 110239
---------------------------------------------------------------------------------
---------------------------------------------------------------------------------
Finished RTL Optimization Phase 1 : Time (s): cpu = 00:00:05 ; elapsed = 00:00:05 . Memory (MB): peak = 3052.848 ; gain = 496.559 ; free physical = 4670 ; free virtual = 110239
---------------------------------------------------------------------------------
Netlist sorting complete. Time (s): cpu = 00:00:00.03 ; elapsed = 00:00:00.04 . Memory (MB): peak = 3052.848 ; gain = 0.000 ; free physical = 4669 ; free virtual = 110239
INFO: [Project 1-570] Preparing netlist for logic optimization

Processing XDC Constraints
Initializing timing engine
Parsing XDC File [/home/binhkieudo/Workspace/PhDThesis/_RoCC_TextSearch/project_1/project_1.srcs/constrs_1/new/constr.xdc]
Finished Parsing XDC File [/home/binhkieudo/Workspace/PhDThesis/_RoCC_TextSearch/project_1/project_1.srcs/constrs_1/new/constr.xdc]
Completed Processing XDC Constraints

Netlist sorting complete. Time (s): cpu = 00:00:00 ; elapsed = 00:00:00 . Memory (MB): peak = 3146.910 ; gain = 0.000 ; free physical = 4658 ; free virtual = 110219
INFO: [Project 1-111] Unisim Transformation Summary:
No Unisim elements were transformed.

Constraint Validation Runtime : Time (s): cpu = 00:00:00.08 ; elapsed = 00:00:00.03 . Memory (MB): peak = 3146.910 ; gain = 0.000 ; free physical = 4658 ; free virtual = 110219
INFO: [Designutils 20-5440] No compile time benefit to using incremental synthesis; A full resynthesis will be run
INFO: [Designutils 20-4379] Flow is switching to default flow due to incremental criteria not met. If you would like to alter this behaviour and have the flow terminate instead, please set the following parameter config_implementation {autoIncr.Synth.RejectBehavior Terminate}
---------------------------------------------------------------------------------
Finished Constraint Validation : Time (s): cpu = 00:00:15 ; elapsed = 00:00:15 . Memory (MB): peak = 3146.910 ; gain = 590.621 ; free physical = 4645 ; free virtual = 110206
---------------------------------------------------------------------------------
---------------------------------------------------------------------------------
Start Loading Part and Timing Information
---------------------------------------------------------------------------------
Loading part: xcvu9p-flga2104-2L-e
INFO: [Synth 8-6742] Reading net delay rules and data
---------------------------------------------------------------------------------
Finished Loading Part and Timing Information : Time (s): cpu = 00:00:15 ; elapsed = 00:00:15 . Memory (MB): peak = 3148.914 ; gain = 592.625 ; free physical = 4645 ; free virtual = 110206
---------------------------------------------------------------------------------
---------------------------------------------------------------------------------
Start Applying 'set_property' XDC Constraints
---------------------------------------------------------------------------------
---------------------------------------------------------------------------------
Finished applying 'set_property' XDC Constraints : Time (s): cpu = 00:00:15 ; elapsed = 00:00:15 . Memory (MB): peak = 3148.914 ; gain = 592.625 ; free physical = 4645 ; free virtual = 110206
---------------------------------------------------------------------------------
INFO: [Synth 8-802] inferred FSM for state register 'state_reg' in module 'matmul64'
---------------------------------------------------------------------------------------------------
                   State |                     New Encoding |                Previous Encoding 
---------------------------------------------------------------------------------------------------
                  S_IDLE |                             0010 |                               00
                  S_LOAD |                             1000 |                               01
                   S_RUN |                             0100 |                               10
                  S_WAIT |                             0001 |                               11
---------------------------------------------------------------------------------------------------
INFO: [Synth 8-3354] encoded FSM with state register 'state_reg' using encoding 'one-hot' in module 'matmul64'
---------------------------------------------------------------------------------
Finished RTL Optimization Phase 2 : Time (s): cpu = 00:00:15 ; elapsed = 00:00:15 . Memory (MB): peak = 3148.914 ; gain = 592.625 ; free physical = 4643 ; free virtual = 110205
---------------------------------------------------------------------------------
---------------------------------------------------------------------------------
Start RTL Component Statistics 
---------------------------------------------------------------------------------
Detailed RTL Component Info : 
+---Adders : 
	   2 Input    4 Bit       Adders := 1     
+---Registers : 
	               64 Bit    Registers := 2     
	                8 Bit    Registers := 131   
	                4 Bit    Registers := 1     
	                1 Bit    Registers := 1     
+---Muxes : 
	   2 Input    8 Bit        Muxes := 71    
	   4 Input    4 Bit        Muxes := 1     
	   2 Input    4 Bit        Muxes := 3     
	   2 Input    1 Bit        Muxes := 66    
---------------------------------------------------------------------------------
Finished RTL Component Statistics 
---------------------------------------------------------------------------------
---------------------------------------------------------------------------------
Start Part Resource Summary
---------------------------------------------------------------------------------
Part Resources:
DSPs: 6840 (col length:120)
BRAMs: 4320 (col length: RAMB18 360 RAMB36 180)
---------------------------------------------------------------------------------
Finished Part Resource Summary
---------------------------------------------------------------------------------
---------------------------------------------------------------------------------
Start Cross Boundary and Area Optimization
---------------------------------------------------------------------------------
WARNING: [Synth 8-7080] Parallel synthesis criteria is not met
---------------------------------------------------------------------------------
Finished Cross Boundary and Area Optimization : Time (s): cpu = 00:00:23 ; elapsed = 00:00:24 . Memory (MB): peak = 3148.914 ; gain = 592.625 ; free physical = 4607 ; free virtual = 110173
---------------------------------------------------------------------------------
---------------------------------------------------------------------------------
Start Applying XDC Timing Constraints
---------------------------------------------------------------------------------
---------------------------------------------------------------------------------
Finished Applying XDC Timing Constraints : Time (s): cpu = 00:00:30 ; elapsed = 00:00:32 . Memory (MB): peak = 3402.930 ; gain = 846.641 ; free physical = 4364 ; free virtual = 109930
---------------------------------------------------------------------------------
---------------------------------------------------------------------------------
Start Timing Optimization
---------------------------------------------------------------------------------
---------------------------------------------------------------------------------
Finished Timing Optimization : Time (s): cpu = 00:00:35 ; elapsed = 00:00:36 . Memory (MB): peak = 3521.055 ; gain = 964.766 ; free physical = 4244 ; free virtual = 109810
---------------------------------------------------------------------------------
---------------------------------------------------------------------------------
Start Technology Mapping
---------------------------------------------------------------------------------
---------------------------------------------------------------------------------
Finished Technology Mapping : Time (s): cpu = 00:00:38 ; elapsed = 00:00:39 . Memory (MB): peak = 3521.055 ; gain = 964.766 ; free physical = 4244 ; free virtual = 109810
---------------------------------------------------------------------------------
---------------------------------------------------------------------------------
Start IO Insertion
---------------------------------------------------------------------------------
---------------------------------------------------------------------------------
Start Flattening Before IO Insertion
---------------------------------------------------------------------------------
---------------------------------------------------------------------------------
Finished Flattening Before IO Insertion
---------------------------------------------------------------------------------
---------------------------------------------------------------------------------
Start Final Netlist Cleanup
---------------------------------------------------------------------------------
---------------------------------------------------------------------------------
Finished Final Netlist Cleanup
---------------------------------------------------------------------------------
---------------------------------------------------------------------------------
Finished IO Insertion : Time (s): cpu = 00:00:41 ; elapsed = 00:00:43 . Memory (MB): peak = 3521.055 ; gain = 964.766 ; free physical = 4242 ; free virtual = 109809
---------------------------------------------------------------------------------
---------------------------------------------------------------------------------
Start Renaming Generated Instances
---------------------------------------------------------------------------------
---------------------------------------------------------------------------------
Finished Renaming Generated Instances : Time (s): cpu = 00:00:41 ; elapsed = 00:00:43 . Memory (MB): peak = 3521.055 ; gain = 964.766 ; free physical = 4242 ; free virtual = 109809
---------------------------------------------------------------------------------
---------------------------------------------------------------------------------
Start Rebuilding User Hierarchy
---------------------------------------------------------------------------------
---------------------------------------------------------------------------------
Finished Rebuilding User Hierarchy : Time (s): cpu = 00:00:42 ; elapsed = 00:00:44 . Memory (MB): peak = 3521.055 ; gain = 964.766 ; free physical = 4243 ; free virtual = 109809
---------------------------------------------------------------------------------
---------------------------------------------------------------------------------
Start Renaming Generated Ports
---------------------------------------------------------------------------------
---------------------------------------------------------------------------------
Finished Renaming Generated Ports : Time (s): cpu = 00:00:42 ; elapsed = 00:00:44 . Memory (MB): peak = 3521.055 ; gain = 964.766 ; free physical = 4243 ; free virtual = 109809
---------------------------------------------------------------------------------
---------------------------------------------------------------------------------
Start Handling Custom Attributes
---------------------------------------------------------------------------------
---------------------------------------------------------------------------------
Finished Handling Custom Attributes : Time (s): cpu = 00:00:42 ; elapsed = 00:00:44 . Memory (MB): peak = 3521.055 ; gain = 964.766 ; free physical = 4243 ; free virtual = 109809
---------------------------------------------------------------------------------
---------------------------------------------------------------------------------
Start Renaming Generated Nets
---------------------------------------------------------------------------------
---------------------------------------------------------------------------------
Finished Renaming Generated Nets : Time (s): cpu = 00:00:42 ; elapsed = 00:00:44 . Memory (MB): peak = 3521.055 ; gain = 964.766 ; free physical = 4243 ; free virtual = 109809
---------------------------------------------------------------------------------
---------------------------------------------------------------------------------
Start Writing Synthesis Report
---------------------------------------------------------------------------------

Report BlackBoxes: 
+-+--------------+----------+
| |BlackBox name |Instances |
+-+--------------+----------+
+-+--------------+----------+

Report Cell Usage: 
+------+-------+------+
|      |Cell   |Count |
+------+-------+------+
|1     |BUFG   |     1|
|2     |CARRY8 |   680|
|3     |LUT1   |    57|
|4     |LUT2   |  2672|
|5     |LUT3   |   900|
|6     |LUT4   |  1350|
|7     |LUT5   |   386|
|8     |LUT6   |  1920|
|9     |FDRE   |  3503|
|10    |FDSE   |     1|
|11    |IBUF   |   132|
|12    |OBUF   |   193|
+------+-------+------+
---------------------------------------------------------------------------------
Finished Writing Synthesis Report : Time (s): cpu = 00:00:42 ; elapsed = 00:00:44 . Memory (MB): peak = 3521.055 ; gain = 964.766 ; free physical = 4243 ; free virtual = 109809
---------------------------------------------------------------------------------
Synthesis finished with 0 errors, 0 critical warnings and 1 warnings.
Synthesis Optimization Runtime : Time (s): cpu = 00:00:37 ; elapsed = 00:00:39 . Memory (MB): peak = 3521.055 ; gain = 870.703 ; free physical = 4243 ; free virtual = 109809
Synthesis Optimization Complete : Time (s): cpu = 00:00:42 ; elapsed = 00:00:44 . Memory (MB): peak = 3521.055 ; gain = 964.766 ; free physical = 4243 ; free virtual = 109809
INFO: [Project 1-571] Translating synthesized netlist
Netlist sorting complete. Time (s): cpu = 00:00:00.09 ; elapsed = 00:00:00.08 . Memory (MB): peak = 3521.055 ; gain = 0.000 ; free physical = 4538 ; free virtual = 110104
INFO: [Netlist 29-17] Analyzing 813 Unisim elements for replacement
INFO: [Netlist 29-28] Unisim Transformation completed in 0 CPU seconds
INFO: [Project 1-570] Preparing netlist for logic optimization
INFO: [Opt 31-138] Pushed 0 inverter(s) to 0 load pin(s).
Netlist sorting complete. Time (s): cpu = 00:00:00 ; elapsed = 00:00:00.01 . Memory (MB): peak = 3521.055 ; gain = 0.000 ; free physical = 4549 ; free virtual = 110115
INFO: [Project 1-111] Unisim Transformation Summary:
  A total of 133 instances were transformed.
  BUFG => BUFGCE: 1 instance 
  IBUF => IBUF (IBUFCTRL, INBUF): 132 instances

Synth Design complete | Checksum: c8ac95e9
INFO: [Common 17-83] Releasing license: Synthesis
28 Infos, 1 Warnings, 0 Critical Warnings and 0 Errors encountered.
synth_design completed successfully
synth_design: Time (s): cpu = 00:00:54 ; elapsed = 00:00:54 . Memory (MB): peak = 3521.055 ; gain = 2052.723 ; free physical = 4549 ; free virtual = 110115
INFO: [Common 17-2834] synth_design peak Physical Memory [PSS] (MB): overall = 3137.182; main = 2782.736; forked = 394.567
INFO: [Common 17-2834] synth_design peak Virtual Memory [VSS] (MB): overall = 4540.473; main = 3521.059; forked = 1019.414
Write ShapeDB Complete: Time (s): cpu = 00:00:00.08 ; elapsed = 00:00:00.03 . Memory (MB): peak = 3521.055 ; gain = 0.000 ; free physical = 4549 ; free virtual = 110117
INFO: [Common 17-1381] The checkpoint '/home/binhkieudo/Workspace/PhDThesis/_RoCC_TextSearch/project_1/project_1.runs/synth_1/matmul64.dcp' has been generated.
INFO: [Vivado 12-24828] Executing command : report_utilization -file matmul64_utilization_synth.rpt -pb matmul64_utilization_synth.pb
INFO: [Common 17-206] Exiting Vivado at Mon Nov 18 02:28:38 2024...
